{"C:\\Users\\Marlon\\Documents\\Proyectos FUERA\\Servicios\\1. Mercadolibre\\mercadolibre-backend\\src\\apps\\utils\\Constants.ts": {"path":"C:\\Users\\Marlon\\Documents\\Proyectos FUERA\\Servicios\\1. Mercadolibre\\mercadolibre-backend\\src\\apps\\utils\\Constants.ts","statementMap":{"0":{"start":{"line":2,"column":0},"end":{"line":2,"column":62}},"1":{"start":{"line":3,"column":0},"end":{"line":3,"column":69}},"2":{"start":{"line":4,"column":0},"end":{"line":7,"column":2}},"3":{"start":{"line":8,"column":0},"end":{"line":13,"column":2}},"4":{"start":{"line":14,"column":0},"end":{"line":17,"column":2}}},"fnMap":{},"branchMap":{},"s":{"0":1,"1":1,"2":1,"3":1,"4":1},"f":{},"b":{},"inputSourceMap":null,"_coverageSchema":"1a1c01bbd47fc00a2c39e90264f33305004495a9","hash":"db4d2b0b7eed2483294b0b3c73e8f7a94a9d45fa"}
,"C:\\Users\\Marlon\\Documents\\Proyectos FUERA\\Servicios\\1. Mercadolibre\\mercadolibre-backend\\src\\contexts\\products\\application\\ProductManager.ts": {"path":"C:\\Users\\Marlon\\Documents\\Proyectos FUERA\\Servicios\\1. Mercadolibre\\mercadolibre-backend\\src\\contexts\\products\\application\\ProductManager.ts","statementMap":{"0":{"start":{"line":2,"column":16},"end":{"line":10,"column":1}},"1":{"start":{"line":3,"column":28},"end":{"line":3,"column":110}},"2":{"start":{"line":3,"column":91},"end":{"line":3,"column":106}},"3":{"start":{"line":4,"column":4},"end":{"line":9,"column":7}},"4":{"start":{"line":5,"column":36},"end":{"line":5,"column":97}},"5":{"start":{"line":5,"column":42},"end":{"line":5,"column":70}},"6":{"start":{"line":5,"column":85},"end":{"line":5,"column":95}},"7":{"start":{"line":6,"column":35},"end":{"line":6,"column":100}},"8":{"start":{"line":6,"column":41},"end":{"line":6,"column":73}},"9":{"start":{"line":6,"column":88},"end":{"line":6,"column":98}},"10":{"start":{"line":7,"column":32},"end":{"line":7,"column":116}},"11":{"start":{"line":8,"column":8},"end":{"line":8,"column":78}},"12":{"start":{"line":11,"column":0},"end":{"line":11,"column":62}},"13":{"start":{"line":12,"column":0},"end":{"line":12,"column":32}},"14":{"start":{"line":13,"column":18},"end":{"line":13,"column":55}},"15":{"start":{"line":14,"column":26},"end":{"line":14,"column":71}},"16":{"start":{"line":15,"column":25},"end":{"line":15,"column":89}},"17":{"start":{"line":16,"column":25},"end":{"line":16,"column":89}},"18":{"start":{"line":17,"column":16},"end":{"line":17,"column":32}},"19":{"start":{"line":18,"column":20},"end":{"line":18,"column":60}},"20":{"start":{"line":21,"column":8},"end":{"line":21,"column":37}},"21":{"start":{"line":22,"column":8},"end":{"line":22,"column":63}},"22":{"start":{"line":25,"column":8},"end":{"line":57,"column":11}},"23":{"start":{"line":26,"column":12},"end":{"line":30,"column":13}},"24":{"start":{"line":27,"column":37},"end":{"line":27,"column":79}},"25":{"start":{"line":28,"column":16},"end":{"line":28,"column":80}},"26":{"start":{"line":29,"column":16},"end":{"line":29,"column":46}},"27":{"start":{"line":31,"column":32},"end":{"line":31,"column":70}},"28":{"start":{"line":32,"column":12},"end":{"line":32,"column":37}},"29":{"start":{"line":33,"column":39},"end":{"line":33,"column":84}},"30":{"start":{"line":34,"column":31},"end":{"line":34,"column":95}},"31":{"start":{"line":35,"column":43},"end":{"line":35,"column":73}},"32":{"start":{"line":36,"column":33},"end":{"line":36,"column":35}},"33":{"start":{"line":37,"column":12},"end":{"line":39,"column":13}},"34":{"start":{"line":38,"column":16},"end":{"line":38,"column":89}},"35":{"start":{"line":38,"column":74},"end":{"line":38,"column":87}},"36":{"start":{"line":40,"column":36},"end":{"line":51,"column":14}},"37":{"start":{"line":52,"column":35},"end":{"line":55,"column":14}},"38":{"start":{"line":56,"column":12},"end":{"line":56,"column":34}},"39":{"start":{"line":60,"column":8},"end":{"line":84,"column":11}},"40":{"start":{"line":61,"column":12},"end":{"line":65,"column":13}},"41":{"start":{"line":62,"column":37},"end":{"line":62,"column":80}},"42":{"start":{"line":63,"column":16},"end":{"line":63,"column":80}},"43":{"start":{"line":64,"column":16},"end":{"line":64,"column":46}},"44":{"start":{"line":66,"column":32},"end":{"line":66,"column":70}},"45":{"start":{"line":67,"column":31},"end":{"line":67,"column":166}},"46":{"start":{"line":67,"column":111},"end":{"line":67,"column":135}},"47":{"start":{"line":68,"column":35},"end":{"line":68,"column":78}},"48":{"start":{"line":68,"column":64},"end":{"line":68,"column":77}},"49":{"start":{"line":69,"column":36},"end":{"line":77,"column":15}},"50":{"start":{"line":69,"column":78},"end":{"line":77,"column":14}},"51":{"start":{"line":78,"column":35},"end":{"line":82,"column":14}},"52":{"start":{"line":83,"column":12},"end":{"line":83,"column":34}},"53":{"start":{"line":87,"column":0},"end":{"line":87,"column":40}}},"fnMap":{"0":{"name":"(anonymous_0)","decl":{"start":{"line":2,"column":44},"end":{"line":2,"column":45}},"loc":{"start":{"line":2,"column":89},"end":{"line":10,"column":1}},"line":2},"1":{"name":"adopt","decl":{"start":{"line":3,"column":13},"end":{"line":3,"column":18}},"loc":{"start":{"line":3,"column":26},"end":{"line":3,"column":112}},"line":3},"2":{"name":"(anonymous_2)","decl":{"start":{"line":3,"column":70},"end":{"line":3,"column":71}},"loc":{"start":{"line":3,"column":89},"end":{"line":3,"column":108}},"line":3},"3":{"name":"(anonymous_3)","decl":{"start":{"line":4,"column":36},"end":{"line":4,"column":37}},"loc":{"start":{"line":4,"column":63},"end":{"line":9,"column":5}},"line":4},"4":{"name":"fulfilled","decl":{"start":{"line":5,"column":17},"end":{"line":5,"column":26}},"loc":{"start":{"line":5,"column":34},"end":{"line":5,"column":99}},"line":5},"5":{"name":"rejected","decl":{"start":{"line":6,"column":17},"end":{"line":6,"column":25}},"loc":{"start":{"line":6,"column":33},"end":{"line":6,"column":102}},"line":6},"6":{"name":"step","decl":{"start":{"line":7,"column":17},"end":{"line":7,"column":21}},"loc":{"start":{"line":7,"column":30},"end":{"line":7,"column":118}},"line":7},"7":{"name":"(anonymous_7)","decl":{"start":{"line":20,"column":4},"end":{"line":20,"column":5}},"loc":{"start":{"line":20,"column":28},"end":{"line":23,"column":5}},"line":20},"8":{"name":"(anonymous_8)","decl":{"start":{"line":24,"column":4},"end":{"line":24,"column":5}},"loc":{"start":{"line":24,"column":23},"end":{"line":58,"column":5}},"line":24},"9":{"name":"(anonymous_9)","decl":{"start":{"line":25,"column":47},"end":{"line":25,"column":48}},"loc":{"start":{"line":25,"column":60},"end":{"line":57,"column":9}},"line":25},"10":{"name":"(anonymous_10)","decl":{"start":{"line":38,"column":60},"end":{"line":38,"column":61}},"loc":{"start":{"line":38,"column":74},"end":{"line":38,"column":87}},"line":38},"11":{"name":"(anonymous_11)","decl":{"start":{"line":59,"column":4},"end":{"line":59,"column":5}},"loc":{"start":{"line":59,"column":23},"end":{"line":85,"column":5}},"line":59},"12":{"name":"(anonymous_12)","decl":{"start":{"line":60,"column":47},"end":{"line":60,"column":48}},"loc":{"start":{"line":60,"column":60},"end":{"line":84,"column":9}},"line":60},"13":{"name":"(anonymous_13)","decl":{"start":{"line":67,"column":99},"end":{"line":67,"column":100}},"loc":{"start":{"line":67,"column":111},"end":{"line":67,"column":135}},"line":67},"14":{"name":"(anonymous_14)","decl":{"start":{"line":68,"column":50},"end":{"line":68,"column":51}},"loc":{"start":{"line":68,"column":64},"end":{"line":68,"column":77}},"line":68},"15":{"name":"(anonymous_15)","decl":{"start":{"line":69,"column":65},"end":{"line":69,"column":66}},"loc":{"start":{"line":69,"column":78},"end":{"line":77,"column":14}},"line":69}},"branchMap":{"0":{"loc":{"start":{"line":2,"column":16},"end":{"line":10,"column":1}},"type":"binary-expr","locations":[{"start":{"line":2,"column":17},"end":{"line":2,"column":21}},{"start":{"line":2,"column":25},"end":{"line":2,"column":39}},{"start":{"line":2,"column":44},"end":{"line":10,"column":1}}],"line":2},"1":{"loc":{"start":{"line":3,"column":35},"end":{"line":3,"column":109}},"type":"cond-expr","locations":[{"start":{"line":3,"column":56},"end":{"line":3,"column":61}},{"start":{"line":3,"column":64},"end":{"line":3,"column":109}}],"line":3},"2":{"loc":{"start":{"line":4,"column":16},"end":{"line":4,"column":34}},"type":"binary-expr","locations":[{"start":{"line":4,"column":16},"end":{"line":4,"column":17}},{"start":{"line":4,"column":22},"end":{"line":4,"column":33}}],"line":4},"3":{"loc":{"start":{"line":7,"column":32},"end":{"line":7,"column":115}},"type":"cond-expr","locations":[{"start":{"line":7,"column":46},"end":{"line":7,"column":67}},{"start":{"line":7,"column":70},"end":{"line":7,"column":115}}],"line":7},"4":{"loc":{"start":{"line":8,"column":51},"end":{"line":8,"column":67}},"type":"binary-expr","locations":[{"start":{"line":8,"column":51},"end":{"line":8,"column":61}},{"start":{"line":8,"column":65},"end":{"line":8,"column":67}}],"line":8},"5":{"loc":{"start":{"line":26,"column":12},"end":{"line":30,"column":13}},"type":"if","locations":[{"start":{"line":26,"column":12},"end":{"line":30,"column":13}},{"start":{"line":26,"column":12},"end":{"line":30,"column":13}}],"line":26},"6":{"loc":{"start":{"line":26,"column":16},"end":{"line":26,"column":48}},"type":"binary-expr","locations":[{"start":{"line":26,"column":16},"end":{"line":26,"column":31}},{"start":{"line":26,"column":35},"end":{"line":26,"column":48}}],"line":26},"7":{"loc":{"start":{"line":37,"column":12},"end":{"line":39,"column":13}},"type":"if","locations":[{"start":{"line":37,"column":12},"end":{"line":39,"column":13}},{"start":{"line":37,"column":12},"end":{"line":39,"column":13}}],"line":37},"8":{"loc":{"start":{"line":47,"column":25},"end":{"line":47,"column":150}},"type":"cond-expr","locations":[{"start":{"line":47,"column":70},"end":{"line":47,"column":105}},{"start":{"line":47,"column":108},"end":{"line":47,"column":150}}],"line":47},"9":{"loc":{"start":{"line":61,"column":12},"end":{"line":65,"column":13}},"type":"if","locations":[{"start":{"line":61,"column":12},"end":{"line":65,"column":13}},{"start":{"line":61,"column":12},"end":{"line":65,"column":13}}],"line":61},"10":{"loc":{"start":{"line":61,"column":16},"end":{"line":61,"column":66}},"type":"binary-expr","locations":[{"start":{"line":61,"column":16},"end":{"line":61,"column":29}},{"start":{"line":61,"column":33},"end":{"line":61,"column":44}},{"start":{"line":61,"column":48},"end":{"line":61,"column":66}}],"line":61},"11":{"loc":{"start":{"line":67,"column":31},"end":{"line":67,"column":166}},"type":"cond-expr","locations":[{"start":{"line":67,"column":69},"end":{"line":67,"column":161}},{"start":{"line":67,"column":164},"end":{"line":67,"column":166}}],"line":67}},"s":{"0":1,"1":4,"2":0,"3":2,"4":4,"5":4,"6":0,"7":0,"8":0,"9":0,"10":6,"11":2,"12":1,"13":1,"14":1,"15":1,"16":1,"17":1,"18":1,"19":1,"20":2,"21":2,"22":1,"23":1,"24":0,"25":0,"26":0,"27":1,"28":1,"29":1,"30":1,"31":1,"32":1,"33":1,"34":1,"35":3,"36":1,"37":1,"38":1,"39":1,"40":1,"41":0,"42":0,"43":0,"44":1,"45":1,"46":1,"47":1,"48":2,"49":1,"50":2,"51":1,"52":1,"53":1},"f":{"0":2,"1":4,"2":0,"3":2,"4":4,"5":0,"6":6,"7":2,"8":1,"9":1,"10":3,"11":1,"12":1,"13":1,"14":2,"15":2},"b":{"0":[1,1,1],"1":[4,0],"2":[2,2],"3":[2,4],"4":[2,2],"5":[0,1],"6":[1,1],"7":[1,0],"8":[1,0],"9":[0,1],"10":[1,1,1],"11":[1,0]},"inputSourceMap":null,"_coverageSchema":"1a1c01bbd47fc00a2c39e90264f33305004495a9","hash":"7e257d91fa5589375038fd5ac742e9f1c4f0985b"}
,"C:\\Users\\Marlon\\Documents\\Proyectos FUERA\\Servicios\\1. Mercadolibre\\mercadolibre-backend\\src\\contexts\\products\\domain\\entities\\Product.ts": {"path":"C:\\Users\\Marlon\\Documents\\Proyectos FUERA\\Servicios\\1. Mercadolibre\\mercadolibre-backend\\src\\contexts\\products\\domain\\entities\\Product.ts","statementMap":{"0":{"start":{"line":2,"column":0},"end":{"line":2,"column":62}},"1":{"start":{"line":3,"column":0},"end":{"line":3,"column":25}},"2":{"start":{"line":7,"column":8},"end":{"line":7,"column":21}},"3":{"start":{"line":8,"column":8},"end":{"line":8,"column":27}},"4":{"start":{"line":9,"column":8},"end":{"line":9,"column":27}},"5":{"start":{"line":10,"column":8},"end":{"line":10,"column":31}},"6":{"start":{"line":11,"column":8},"end":{"line":11,"column":35}},"7":{"start":{"line":12,"column":8},"end":{"line":12,"column":43}},"8":{"start":{"line":13,"column":8},"end":{"line":13,"column":31}},"9":{"start":{"line":16,"column":0},"end":{"line":16,"column":26}}},"fnMap":{"0":{"name":"(anonymous_0)","decl":{"start":{"line":6,"column":4},"end":{"line":6,"column":5}},"loc":{"start":{"line":6,"column":82},"end":{"line":14,"column":5}},"line":6}},"branchMap":{},"s":{"0":1,"1":1,"2":3,"3":3,"4":3,"5":3,"6":3,"7":3,"8":3,"9":1},"f":{"0":3},"b":{},"inputSourceMap":null,"_coverageSchema":"1a1c01bbd47fc00a2c39e90264f33305004495a9","hash":"d35d74081463210898abfa8f3aba5518e6956c66"}
,"C:\\Users\\Marlon\\Documents\\Proyectos FUERA\\Servicios\\1. Mercadolibre\\mercadolibre-backend\\src\\contexts\\products\\domain\\entities\\ProductDetailed.ts": {"path":"C:\\Users\\Marlon\\Documents\\Proyectos FUERA\\Servicios\\1. Mercadolibre\\mercadolibre-backend\\src\\contexts\\products\\domain\\entities\\ProductDetailed.ts","statementMap":{"0":{"start":{"line":2,"column":0},"end":{"line":2,"column":62}},"1":{"start":{"line":3,"column":0},"end":{"line":3,"column":33}},"2":{"start":{"line":4,"column":18},"end":{"line":4,"column":38}},"3":{"start":{"line":8,"column":8},"end":{"line":8,"column":80}},"4":{"start":{"line":9,"column":8},"end":{"line":9,"column":39}},"5":{"start":{"line":10,"column":8},"end":{"line":10,"column":45}},"6":{"start":{"line":11,"column":8},"end":{"line":11,"column":43}},"7":{"start":{"line":14,"column":0},"end":{"line":14,"column":42}}},"fnMap":{"0":{"name":"(anonymous_0)","decl":{"start":{"line":7,"column":4},"end":{"line":7,"column":5}},"loc":{"start":{"line":7,"column":126},"end":{"line":12,"column":5}},"line":7}},"branchMap":{},"s":{"0":1,"1":1,"2":1,"3":1,"4":1,"5":1,"6":1,"7":1},"f":{"0":1},"b":{},"inputSourceMap":null,"_coverageSchema":"1a1c01bbd47fc00a2c39e90264f33305004495a9","hash":"c677d995f4db8a92b4729851432c165c117b0670"}
,"C:\\Users\\Marlon\\Documents\\Proyectos FUERA\\Servicios\\1. Mercadolibre\\mercadolibre-backend\\src\\contexts\\products\\infrastructure\\rest\\controllers\\dto\\ProductItemDTO.ts": {"path":"C:\\Users\\Marlon\\Documents\\Proyectos FUERA\\Servicios\\1. Mercadolibre\\mercadolibre-backend\\src\\contexts\\products\\infrastructure\\rest\\controllers\\dto\\ProductItemDTO.ts","statementMap":{"0":{"start":{"line":2,"column":0},"end":{"line":2,"column":62}},"1":{"start":{"line":3,"column":0},"end":{"line":3,"column":32}},"2":{"start":{"line":7,"column":8},"end":{"line":7,"column":29}},"3":{"start":{"line":8,"column":8},"end":{"line":8,"column":25}},"4":{"start":{"line":11,"column":0},"end":{"line":11,"column":40}}},"fnMap":{"0":{"name":"(anonymous_0)","decl":{"start":{"line":6,"column":4},"end":{"line":6,"column":5}},"loc":{"start":{"line":6,"column":34},"end":{"line":9,"column":5}},"line":6}},"branchMap":{},"s":{"0":1,"1":1,"2":1,"3":1,"4":1},"f":{"0":1},"b":{},"inputSourceMap":null,"_coverageSchema":"1a1c01bbd47fc00a2c39e90264f33305004495a9","hash":"d355ae5187d6e3c5567dcb8ce71f9f9a2816a041"}
,"C:\\Users\\Marlon\\Documents\\Proyectos FUERA\\Servicios\\1. Mercadolibre\\mercadolibre-backend\\src\\contexts\\products\\infrastructure\\rest\\controllers\\dto\\ProductListDTO.ts": {"path":"C:\\Users\\Marlon\\Documents\\Proyectos FUERA\\Servicios\\1. Mercadolibre\\mercadolibre-backend\\src\\contexts\\products\\infrastructure\\rest\\controllers\\dto\\ProductListDTO.ts","statementMap":{"0":{"start":{"line":2,"column":0},"end":{"line":2,"column":62}},"1":{"start":{"line":3,"column":0},"end":{"line":3,"column":32}},"2":{"start":{"line":7,"column":8},"end":{"line":7,"column":29}},"3":{"start":{"line":8,"column":8},"end":{"line":8,"column":37}},"4":{"start":{"line":9,"column":8},"end":{"line":9,"column":27}},"5":{"start":{"line":12,"column":0},"end":{"line":12,"column":40}}},"fnMap":{"0":{"name":"(anonymous_0)","decl":{"start":{"line":6,"column":4},"end":{"line":6,"column":5}},"loc":{"start":{"line":6,"column":47},"end":{"line":10,"column":5}},"line":6}},"branchMap":{},"s":{"0":1,"1":1,"2":1,"3":1,"4":1,"5":1},"f":{"0":1},"b":{},"inputSourceMap":null,"_coverageSchema":"1a1c01bbd47fc00a2c39e90264f33305004495a9","hash":"afacca4399d1038b4b5c398aea49ffb46f179355"}
}
