TN:
SF:src\apps\utils\Constants.ts
FNF:0
FNH:0
DA:2,1
DA:3,1
DA:4,1
DA:8,1
DA:14,1
LF:5
LH:5
BRF:0
BRH:0
end_of_record
TN:
SF:src\contexts\products\application\ProductManager.ts
FN:2,(anonymous_0)
FN:3,adopt
FN:3,(anonymous_2)
FN:4,(anonymous_3)
FN:5,fulfilled
FN:6,rejected
FN:7,step
FN:20,(anonymous_7)
FN:24,(anonymous_8)
FN:25,(anonymous_9)
FN:38,(anonymous_10)
FN:59,(anonymous_11)
FN:60,(anonymous_12)
FN:67,(anonymous_13)
FN:68,(anonymous_14)
FN:69,(anonymous_15)
FNF:16
FNH:14
FNDA:2,(anonymous_0)
FNDA:4,adopt
FNDA:0,(anonymous_2)
FNDA:2,(anonymous_3)
FNDA:4,fulfilled
FNDA:0,rejected
FNDA:6,step
FNDA:2,(anonymous_7)
FNDA:1,(anonymous_8)
FNDA:1,(anonymous_9)
FNDA:3,(anonymous_10)
FNDA:1,(anonymous_11)
FNDA:1,(anonymous_12)
FNDA:1,(anonymous_13)
FNDA:2,(anonymous_14)
FNDA:2,(anonymous_15)
DA:2,1
DA:3,4
DA:4,2
DA:5,4
DA:6,0
DA:7,6
DA:8,2
DA:11,1
DA:12,1
DA:13,1
DA:14,1
DA:15,1
DA:16,1
DA:17,1
DA:18,1
DA:21,2
DA:22,2
DA:25,1
DA:26,1
DA:27,0
DA:28,0
DA:29,0
DA:31,1
DA:32,1
DA:33,1
DA:34,1
DA:35,1
DA:36,1
DA:37,1
DA:38,3
DA:40,1
DA:52,1
DA:56,1
DA:60,1
DA:61,1
DA:62,0
DA:63,0
DA:64,0
DA:66,1
DA:67,1
DA:68,2
DA:69,2
DA:78,1
DA:83,1
DA:87,1
LF:45
LH:38
BRDA:2,0,0,1
BRDA:2,0,1,1
BRDA:2,0,2,1
BRDA:3,1,0,4
BRDA:3,1,1,0
BRDA:4,2,0,2
BRDA:4,2,1,2
BRDA:7,3,0,2
BRDA:7,3,1,4
BRDA:8,4,0,2
BRDA:8,4,1,2
BRDA:26,5,0,0
BRDA:26,5,1,1
BRDA:26,6,0,1
BRDA:26,6,1,1
BRDA:37,7,0,1
BRDA:37,7,1,0
BRDA:47,8,0,1
BRDA:47,8,1,0
BRDA:61,9,0,0
BRDA:61,9,1,1
BRDA:61,10,0,1
BRDA:61,10,1,1
BRDA:61,10,2,1
BRDA:67,11,0,1
BRDA:67,11,1,0
BRF:26
BRH:20
end_of_record
TN:
SF:src\contexts\products\domain\entities\Product.ts
FN:6,(anonymous_0)
FNF:1
FNH:1
FNDA:3,(anonymous_0)
DA:2,1
DA:3,1
DA:7,3
DA:8,3
DA:9,3
DA:10,3
DA:11,3
DA:12,3
DA:13,3
DA:16,1
LF:10
LH:10
BRF:0
BRH:0
end_of_record
TN:
SF:src\contexts\products\domain\entities\ProductDetailed.ts
FN:7,(anonymous_0)
FNF:1
FNH:1
FNDA:1,(anonymous_0)
DA:2,1
DA:3,1
DA:4,1
DA:8,1
DA:9,1
DA:10,1
DA:11,1
DA:14,1
LF:8
LH:8
BRF:0
BRH:0
end_of_record
TN:
SF:src\contexts\products\infrastructure\rest\controllers\dto\ProductItemDTO.ts
FN:6,(anonymous_0)
FNF:1
FNH:1
FNDA:1,(anonymous_0)
DA:2,1
DA:3,1
DA:7,1
DA:8,1
DA:11,1
LF:5
LH:5
BRF:0
BRH:0
end_of_record
TN:
SF:src\contexts\products\infrastructure\rest\controllers\dto\ProductListDTO.ts
FN:6,(anonymous_0)
FNF:1
FNH:1
FNDA:1,(anonymous_0)
DA:2,1
DA:3,1
DA:7,1
DA:8,1
DA:9,1
DA:12,1
LF:6
LH:6
BRF:0
BRH:0
end_of_record
